<?xml version="1.0" encoding="UTF-8"?>
<!-- Generated by org.testng.reporters.JUnitReportReporter -->
<testsuite hostname="PNQNB0058" failures="0" tests="1" name="com.qa.PostUsingPojoTest" time="1.583" errors="0" timestamp="2022-06-09T15:01:57 IST" skipped="0">
  <testcase classname="com.qa.PostUsingPojoTest" name="pojoTest" time="1.583"/>
</testsuite> <!-- com.qa.PostUsingPojoTest -->
