<?xml version="1.0" encoding="UTF-8"?>
<!-- Generated by org.testng.reporters.JUnitReportReporter -->
<testsuite hostname="PNQNB0058" failures="0" tests="6" name="com.qa.PostTest" time="4.526" errors="0" timestamp="2022-06-09T15:01:57 IST" skipped="0">
  <testcase classname="com.qa.PostTest" name="postRequestUsingHashMapComplexPayload" time="0.838"/>
  <testcase classname="com.qa.PostTest" name="postRequestUsingJSONLibrary" time="0.709"/>
  <testcase classname="com.qa.PostTest" name="postRequestFromExternalFile" time="0.743"/>
  <testcase classname="com.qa.PostTest" name="postRequestFromVariableTest" time="0.646"/>
  <testcase classname="com.qa.PostTest" name="postRequestFromExternalFileConvertingToString" time="0.629"/>
  <testcase classname="com.qa.PostTest" name="postRequestUsingHashMap" time="0.961"/>
</testsuite> <!-- com.qa.PostTest -->
