<?xml version="1.0" encoding="UTF-8"?>
<!-- Generated by org.testng.reporters.JUnitReportReporter -->
<testsuite hostname="PNQNB0058" failures="0" tests="3" name="com.qa.GetTest" time="1.984" errors="0" timestamp="2022-06-09T15:01:57 IST" skipped="0">
  <testcase classname="com.qa.GetTest" name="getTest" time="0.659"/>
  <testcase classname="com.qa.GetTest" name="getWithQueryParamTest" time="0.609"/>
  <testcase classname="com.qa.GetTest" name="getResponseLoggedInFile" time="0.716"/>
</testsuite> <!-- com.qa.GetTest -->
