<?xml version="1.0" encoding="UTF-8"?>
<!-- Generated by org.testng.reporters.JUnitReportReporter -->
<testsuite hostname="PNQNB0058" failures="0" tests="1" name="com.qa.DeleteTest" time="3.198" errors="0" timestamp="2022-06-09T15:01:57 IST" skipped="0">
  <testcase classname="com.qa.DeleteTest" name="deleteResourceTest" time="3.198"/>
</testsuite> <!-- com.qa.DeleteTest -->
